d:\datastruct\code\datastructprogram\debug\vc143.pdb
d:\datastruct\code\datastructprogram\debug\qrc_datastructprogram.obj
d:\datastruct\code\datastructprogram\debug\divergencesystem.obj
d:\datastruct\code\datastructprogram\debug\datastructprogram.obj
d:\datastruct\code\datastructprogram\debug\main.obj
d:\datastruct\code\datastructprogram\debug\moc_datastructprogram.obj
d:\datastruct\code\datastructprogram\debug\uic\ui_datastructprogram.h
d:\datastruct\code\datastructprogram\debug\rcc\qrc_datastructprogram.cpp
d:\datastruct\code\datastructprogram\debug\moc\moc_datastructprogram.cpp
d:\datastruct\code\datastructprogram\debug\datastructprogram.exe
d:\datastruct\code\datastructprogram\debug\datastructprogram.ilk
d:\datastruct\code\datastructprogram\debug\datastructprogram.pdb
d:\datastruct\code\datastructprogram\debug\datastru.661bddea.tlog\cl.command.1.tlog
d:\datastruct\code\datastructprogram\debug\datastru.661bddea.tlog\cl.read.1.tlog
d:\datastruct\code\datastructprogram\debug\datastru.661bddea.tlog\cl.write.1.tlog
d:\datastruct\code\datastructprogram\debug\datastru.661bddea.tlog\datastructprogram.write.1u.tlog
d:\datastruct\code\datastructprogram\debug\datastru.661bddea.tlog\link.command.1.tlog
d:\datastruct\code\datastructprogram\debug\datastru.661bddea.tlog\link.read.1.tlog
d:\datastruct\code\datastructprogram\debug\datastru.661bddea.tlog\link.write.1.tlog
d:\datastruct\code\datastructprogram\debug\datastru.661bddea.tlog\moc.read.1u.tlog
d:\datastruct\code\datastructprogram\debug\datastru.661bddea.tlog\moc.write.1u.tlog
d:\datastruct\code\datastructprogram\debug\datastru.661bddea.tlog\rcc.read.1u.tlog
d:\datastruct\code\datastructprogram\debug\datastru.661bddea.tlog\rcc.write.1u.tlog
d:\datastruct\code\datastructprogram\debug\datastru.661bddea.tlog\uic.read.1u.tlog
d:\datastruct\code\datastructprogram\debug\datastru.661bddea.tlog\uic.write.1u.tlog
