d:\develop\projects\duck_store\x64\debug\mainwindow.obj
d:\develop\projects\duck_store\x64\debug\duck_store.obj
d:\develop\projects\duck_store\x64\debug\database.obj
d:\develop\projects\duck_store\x64\debug\main.obj
d:\develop\projects\duck_store\x64\debug\moc_duck_store.obj
d:\develop\projects\duck_store\x64\debug\moc_mainwindow.obj
d:\develop\projects\duck_store\x64\debug\vc143.pdb
d:\develop\projects\duck_store\x64\debug\qrc_duck_store.obj
d:\develop\projects\duck_store\x64\debug\uic\ui_duck_store.h
d:\develop\projects\duck_store\x64\debug\rcc\qrc_duck_store.cpp
d:\develop\projects\duck_store\x64\debug\moc\moc_duck_store.cpp
d:\develop\projects\duck_store\x64\debug\uic\ui_mainwindow.h
d:\develop\projects\duck_store\x64\debug\moc\moc_mainwindow.cpp
d:\develop\projects\duck_store\x64\debug\duck_store.pdb
d:\develop\projects\duck_store\x64\debug\duck_store.tlog\cl.command.1.tlog
d:\develop\projects\duck_store\x64\debug\duck_store.tlog\cl.items.tlog
d:\develop\projects\duck_store\x64\debug\duck_store.tlog\cl.read.1.tlog
d:\develop\projects\duck_store\x64\debug\duck_store.tlog\cl.write.1.tlog
d:\develop\projects\duck_store\x64\debug\duck_store.tlog\duck_store.write.1u.tlog
d:\develop\projects\duck_store\x64\debug\duck_store.tlog\link.8464-cvtres.read.1.tlog
d:\develop\projects\duck_store\x64\debug\duck_store.tlog\link.8464-cvtres.write.1.tlog
d:\develop\projects\duck_store\x64\debug\duck_store.tlog\link.8464-rc.read.1.tlog
d:\develop\projects\duck_store\x64\debug\duck_store.tlog\link.8464-rc.write.1.tlog
d:\develop\projects\duck_store\x64\debug\duck_store.tlog\link.8464.read.1.tlog
d:\develop\projects\duck_store\x64\debug\duck_store.tlog\link.8464.read.2.tlog
d:\develop\projects\duck_store\x64\debug\duck_store.tlog\link.8464.write.1.tlog
d:\develop\projects\duck_store\x64\debug\duck_store.tlog\link.command.1.tlog
d:\develop\projects\duck_store\x64\debug\duck_store.tlog\link.read.1.tlog
d:\develop\projects\duck_store\x64\debug\duck_store.tlog\link.write.1.tlog
d:\develop\projects\duck_store\x64\debug\duck_store.tlog\moc.read.1u.tlog
d:\develop\projects\duck_store\x64\debug\duck_store.tlog\moc.write.1u.tlog
d:\develop\projects\duck_store\x64\debug\duck_store.tlog\rcc.read.1u.tlog
d:\develop\projects\duck_store\x64\debug\duck_store.tlog\rcc.write.1u.tlog
d:\develop\projects\duck_store\x64\debug\duck_store.tlog\uic.read.1u.tlog
d:\develop\projects\duck_store\x64\debug\duck_store.tlog\uic.write.1u.tlog
