d:\develop\code\course_design\artificial_intelligence_experiment\exp_1_production_system\production_system_with_gui\x64\debug\productionsystem.obj
d:\develop\code\course_design\artificial_intelligence_experiment\exp_1_production_system\production_system_with_gui\x64\debug\main.obj
d:\develop\code\course_design\artificial_intelligence_experiment\exp_1_production_system\production_system_with_gui\x64\debug\production_system_with_gui.obj
d:\develop\code\course_design\artificial_intelligence_experiment\exp_1_production_system\production_system_with_gui\x64\debug\vc143.pdb
d:\develop\code\course_design\artificial_intelligence_experiment\exp_1_production_system\production_system_with_gui\x64\debug\moc_production_system_with_gui.obj
d:\develop\code\course_design\artificial_intelligence_experiment\exp_1_production_system\production_system_with_gui\x64\debug\qrc_production_system_with_gui.obj
d:\develop\code\course_design\artificial_intelligence_experiment\exp_1_production_system\production_system_with_gui\x64\debug\production_system_with_gui.exe
d:\develop\code\course_design\artificial_intelligence_experiment\exp_1_production_system\production_system_with_gui\x64\debug\production_system_with_gui.ilk
d:\develop\code\course_design\artificial_intelligence_experiment\exp_1_production_system\production_system_with_gui\x64\debug\production_system_with_gui.pdb
d:\develop\code\course_design\artificial_intelligence_experiment\exp_1_production_system\production_system_with_gui\x64\debug\moc\moc_production_system_with_gui.cpp
d:\develop\code\course_design\artificial_intelligence_experiment\exp_1_production_system\production_system_with_gui\x64\debug\uic\ui_production_system_with_gui.h
d:\develop\code\course_design\artificial_intelligence_experiment\exp_1_production_system\production_system_with_gui\x64\debug\rcc\qrc_production_system_with_gui.cpp
d:\develop\code\course_design\artificial_intelligence_experiment\exp_1_production_system\production_system_with_gui\x64\debug\producti.bd3e86c8.tlog\cl.command.1.tlog
d:\develop\code\course_design\artificial_intelligence_experiment\exp_1_production_system\production_system_with_gui\x64\debug\producti.bd3e86c8.tlog\cl.items.tlog
d:\develop\code\course_design\artificial_intelligence_experiment\exp_1_production_system\production_system_with_gui\x64\debug\producti.bd3e86c8.tlog\cl.read.1.tlog
d:\develop\code\course_design\artificial_intelligence_experiment\exp_1_production_system\production_system_with_gui\x64\debug\producti.bd3e86c8.tlog\cl.write.1.tlog
d:\develop\code\course_design\artificial_intelligence_experiment\exp_1_production_system\production_system_with_gui\x64\debug\producti.bd3e86c8.tlog\link.command.1.tlog
d:\develop\code\course_design\artificial_intelligence_experiment\exp_1_production_system\production_system_with_gui\x64\debug\producti.bd3e86c8.tlog\link.read.1.tlog
d:\develop\code\course_design\artificial_intelligence_experiment\exp_1_production_system\production_system_with_gui\x64\debug\producti.bd3e86c8.tlog\link.write.1.tlog
d:\develop\code\course_design\artificial_intelligence_experiment\exp_1_production_system\production_system_with_gui\x64\debug\producti.bd3e86c8.tlog\moc.read.1u.tlog
d:\develop\code\course_design\artificial_intelligence_experiment\exp_1_production_system\production_system_with_gui\x64\debug\producti.bd3e86c8.tlog\moc.write.1u.tlog
d:\develop\code\course_design\artificial_intelligence_experiment\exp_1_production_system\production_system_with_gui\x64\debug\producti.bd3e86c8.tlog\production_system_with_gui.write.1u.tlog
d:\develop\code\course_design\artificial_intelligence_experiment\exp_1_production_system\production_system_with_gui\x64\debug\producti.bd3e86c8.tlog\rcc.read.1u.tlog
d:\develop\code\course_design\artificial_intelligence_experiment\exp_1_production_system\production_system_with_gui\x64\debug\producti.bd3e86c8.tlog\rcc.write.1u.tlog
d:\develop\code\course_design\artificial_intelligence_experiment\exp_1_production_system\production_system_with_gui\x64\debug\producti.bd3e86c8.tlog\uic.read.1u.tlog
d:\develop\code\course_design\artificial_intelligence_experiment\exp_1_production_system\production_system_with_gui\x64\debug\producti.bd3e86c8.tlog\uic.write.1u.tlog
